{"/Users/mac/ProjetSIL/api/config/base_url.js":{"path":"/Users/mac/ProjetSIL/api/config/base_url.js","s":{"1":1,"2":1},"b":{},"f":{},"fnMap":{},"statementMap":{"1":{"start":{"line":1,"column":0},"end":{"line":1,"column":41}},"2":{"start":{"line":2,"column":0},"end":{"line":2,"column":24}}},"branchMap":{}},"/Users/mac/ProjetSIL/api/model/marque.js":{"path":"/Users/mac/ProjetSIL/api/model/marque.js","s":{"1":1,"2":1,"3":1,"4":1},"b":{},"f":{},"fnMap":{},"statementMap":{"1":{"start":{"line":1,"column":0},"end":{"line":1,"column":39}},"2":{"start":{"line":2,"column":0},"end":{"line":2,"column":52}},"3":{"start":{"line":3,"column":0},"end":{"line":6,"column":3}},"4":{"start":{"line":8,"column":0},"end":{"line":8,"column":22}}},"branchMap":{}},"/Users/mac/ProjetSIL/api/config/dbconnection.js":{"path":"/Users/mac/ProjetSIL/api/config/dbconnection.js","s":{"1":1,"2":1,"3":1,"4":1,"5":0,"6":1},"b":{},"f":{},"fnMap":{},"statementMap":{"1":{"start":{"line":1,"column":0},"end":{"line":1,"column":39}},"2":{"start":{"line":2,"column":0},"end":{"line":10,"column":3}},"3":{"start":{"line":12,"column":0},"end":{"line":18,"column":7}},"4":{"start":{"line":14,"column":8},"end":{"line":14,"column":69}},"5":{"start":{"line":17,"column":8},"end":{"line":17,"column":65}},"6":{"start":{"line":20,"column":0},"end":{"line":20,"column":25}}},"branchMap":{}},"/Users/mac/ProjetSIL/api/model/modele.js":{"path":"/Users/mac/ProjetSIL/api/model/modele.js","s":{"1":1,"2":1,"3":1,"4":1},"b":{},"f":{},"fnMap":{},"statementMap":{"1":{"start":{"line":1,"column":0},"end":{"line":1,"column":39}},"2":{"start":{"line":2,"column":0},"end":{"line":2,"column":52}},"3":{"start":{"line":4,"column":0},"end":{"line":8,"column":3}},"4":{"start":{"line":9,"column":0},"end":{"line":9,"column":24}}},"branchMap":{}},"/Users/mac/ProjetSIL/api/model/version.js":{"path":"/Users/mac/ProjetSIL/api/model/version.js","s":{"1":1,"2":1,"3":1,"4":1},"b":{},"f":{},"fnMap":{},"statementMap":{"1":{"start":{"line":1,"column":0},"end":{"line":1,"column":39}},"2":{"start":{"line":2,"column":0},"end":{"line":2,"column":52}},"3":{"start":{"line":4,"column":0},"end":{"line":8,"column":3}},"4":{"start":{"line":9,"column":0},"end":{"line":9,"column":25}}},"branchMap":{}},"/Users/mac/ProjetSIL/api/model/utilfab.js":{"path":"/Users/mac/ProjetSIL/api/model/utilfab.js","s":{"1":1,"2":1,"3":1,"4":1},"b":{},"f":{},"fnMap":{},"statementMap":{"1":{"start":{"line":1,"column":0},"end":{"line":1,"column":39}},"2":{"start":{"line":2,"column":0},"end":{"line":2,"column":50}},"3":{"start":{"line":3,"column":0},"end":{"line":12,"column":7}},"4":{"start":{"line":14,"column":0},"end":{"line":14,"column":23}}},"branchMap":{}},"/Users/mac/ProjetSIL/api/model/vehicule.js":{"path":"/Users/mac/ProjetSIL/api/model/vehicule.js","s":{"1":1,"2":1,"3":1,"4":1},"b":{},"f":{},"fnMap":{},"statementMap":{"1":{"start":{"line":1,"column":0},"end":{"line":1,"column":39}},"2":{"start":{"line":2,"column":0},"end":{"line":2,"column":52}},"3":{"start":{"line":4,"column":0},"end":{"line":9,"column":3}},"4":{"start":{"line":11,"column":0},"end":{"line":11,"column":26}}},"branchMap":{}}}