{"/Users/mac/ProjetSIL/tests.js":{"path":"/Users/mac/ProjetSIL/tests.js","s":{"1":1,"2":1,"3":1,"4":1,"5":1,"6":1,"7":1,"8":1,"9":1},"b":{},"f":{},"fnMap":{},"statementMap":{"1":{"start":{"line":1,"column":0},"end":{"line":1,"column":33}},"2":{"start":{"line":2,"column":0},"end":{"line":2,"column":68}},"3":{"start":{"line":3,"column":0},"end":{"line":3,"column":67}},"4":{"start":{"line":4,"column":0},"end":{"line":4,"column":28}},"5":{"start":{"line":6,"column":0},"end":{"line":12,"column":3}},"6":{"start":{"line":15,"column":0},"end":{"line":15,"column":54}},"7":{"start":{"line":17,"column":0},"end":{"line":21,"column":4}},"8":{"start":{"line":24,"column":0},"end":{"line":24,"column":25}},"9":{"start":{"line":25,"column":0},"end":{"line":25,"column":18}}},"branchMap":{}},"/Users/mac/ProjetSIL/spec/routesTest/auth/utilfabTests.spec.js":{"path":"/Users/mac/ProjetSIL/spec/routesTest/auth/utilfabTests.spec.js","s":{"1":1,"2":1,"3":1,"4":1,"5":1,"6":1,"7":1,"8":1,"9":1,"10":1,"11":1,"12":1,"13":1,"14":1,"15":1,"16":1,"17":1,"18":1,"19":1,"20":1,"21":1,"22":1,"23":1,"24":1,"25":1,"26":1,"27":1,"28":1,"29":1,"30":1,"31":1,"32":1},"b":{},"f":{"1":1,"2":1,"3":1,"4":1,"5":1,"6":1,"7":1,"8":1,"9":1,"10":1},"fnMap":{"1":{"name":"(anonymous_1)","line":7,"loc":{"start":{"line":7,"column":35},"end":{"line":7,"column":46}}},"2":{"name":"(anonymous_2)","line":11,"loc":{"start":{"line":11,"column":36},"end":{"line":11,"column":48}}},"3":{"name":"(anonymous_3)","line":15,"loc":{"start":{"line":15,"column":18},"end":{"line":15,"column":33}}},"4":{"name":"(anonymous_4)","line":31,"loc":{"start":{"line":31,"column":17},"end":{"line":31,"column":28}}},"5":{"name":"(anonymous_5)","line":39,"loc":{"start":{"line":39,"column":47},"end":{"line":39,"column":63}}},"6":{"name":"(anonymous_6)","line":50,"loc":{"start":{"line":50,"column":33},"end":{"line":50,"column":66}}},"7":{"name":"(anonymous_7)","line":57,"loc":{"start":{"line":57,"column":54},"end":{"line":57,"column":70}}},"8":{"name":"(anonymous_8)","line":68,"loc":{"start":{"line":68,"column":33},"end":{"line":68,"column":66}}},"9":{"name":"(anonymous_9)","line":75,"loc":{"start":{"line":75,"column":54},"end":{"line":75,"column":70}}},"10":{"name":"(anonymous_10)","line":86,"loc":{"start":{"line":86,"column":33},"end":{"line":86,"column":66}}}},"statementMap":{"1":{"start":{"line":1,"column":0},"end":{"line":1,"column":24}},"2":{"start":{"line":2,"column":0},"end":{"line":2,"column":57}},"3":{"start":{"line":3,"column":0},"end":{"line":3,"column":35}},"4":{"start":{"line":4,"column":0},"end":{"line":4,"column":52}},"5":{"start":{"line":5,"column":0},"end":{"line":5,"column":54}},"6":{"start":{"line":7,"column":0},"end":{"line":97,"column":3}},"7":{"start":{"line":11,"column":4},"end":{"line":93,"column":7}},"8":{"start":{"line":13,"column":8},"end":{"line":13,"column":16}},"9":{"start":{"line":15,"column":8},"end":{"line":29,"column":11}},"10":{"start":{"line":16,"column":12},"end":{"line":28,"column":15}},"11":{"start":{"line":20,"column":16},"end":{"line":27,"column":19}},"12":{"start":{"line":26,"column":20},"end":{"line":26,"column":27}},"13":{"start":{"line":31,"column":8},"end":{"line":37,"column":11}},"14":{"start":{"line":32,"column":12},"end":{"line":36,"column":15}},"15":{"start":{"line":39,"column":8},"end":{"line":55,"column":11}},"16":{"start":{"line":40,"column":12},"end":{"line":54,"column":15}},"17":{"start":{"line":41,"column":16},"end":{"line":49,"column":18}},"18":{"start":{"line":50,"column":16},"end":{"line":53,"column":19}},"19":{"start":{"line":51,"column":20},"end":{"line":51,"column":58}},"20":{"start":{"line":52,"column":20},"end":{"line":52,"column":27}},"21":{"start":{"line":57,"column":8},"end":{"line":73,"column":11}},"22":{"start":{"line":58,"column":12},"end":{"line":72,"column":15}},"23":{"start":{"line":59,"column":16},"end":{"line":67,"column":18}},"24":{"start":{"line":68,"column":16},"end":{"line":71,"column":19}},"25":{"start":{"line":69,"column":20},"end":{"line":69,"column":58}},"26":{"start":{"line":70,"column":20},"end":{"line":70,"column":27}},"27":{"start":{"line":75,"column":8},"end":{"line":91,"column":11}},"28":{"start":{"line":76,"column":12},"end":{"line":90,"column":15}},"29":{"start":{"line":77,"column":16},"end":{"line":85,"column":18}},"30":{"start":{"line":86,"column":16},"end":{"line":89,"column":19}},"31":{"start":{"line":87,"column":20},"end":{"line":87,"column":58}},"32":{"start":{"line":88,"column":20},"end":{"line":88,"column":27}}},"branchMap":{}},"/Users/mac/ProjetSIL/api/config/base_url.js":{"path":"/Users/mac/ProjetSIL/api/config/base_url.js","s":{"1":1,"2":1},"b":{},"f":{},"fnMap":{},"statementMap":{"1":{"start":{"line":1,"column":0},"end":{"line":1,"column":41}},"2":{"start":{"line":2,"column":0},"end":{"line":2,"column":24}}},"branchMap":{}},"/Users/mac/ProjetSIL/api/model/marque.js":{"path":"/Users/mac/ProjetSIL/api/model/marque.js","s":{"1":1,"2":1,"3":1,"4":1},"b":{},"f":{},"fnMap":{},"statementMap":{"1":{"start":{"line":1,"column":0},"end":{"line":1,"column":39}},"2":{"start":{"line":2,"column":0},"end":{"line":2,"column":52}},"3":{"start":{"line":3,"column":0},"end":{"line":6,"column":3}},"4":{"start":{"line":8,"column":0},"end":{"line":8,"column":22}}},"branchMap":{}},"/Users/mac/ProjetSIL/api/config/dbconnection.js":{"path":"/Users/mac/ProjetSIL/api/config/dbconnection.js","s":{"1":1,"2":1,"3":1,"4":1,"5":0,"6":1},"b":{},"f":{},"fnMap":{},"statementMap":{"1":{"start":{"line":1,"column":0},"end":{"line":1,"column":39}},"2":{"start":{"line":2,"column":0},"end":{"line":10,"column":3}},"3":{"start":{"line":12,"column":0},"end":{"line":18,"column":7}},"4":{"start":{"line":14,"column":8},"end":{"line":14,"column":69}},"5":{"start":{"line":17,"column":8},"end":{"line":17,"column":65}},"6":{"start":{"line":20,"column":0},"end":{"line":20,"column":25}}},"branchMap":{}},"/Users/mac/ProjetSIL/api/model/utilfab.js":{"path":"/Users/mac/ProjetSIL/api/model/utilfab.js","s":{"1":1,"2":1,"3":1,"4":1},"b":{},"f":{},"fnMap":{},"statementMap":{"1":{"start":{"line":1,"column":0},"end":{"line":1,"column":39}},"2":{"start":{"line":2,"column":0},"end":{"line":2,"column":50}},"3":{"start":{"line":3,"column":0},"end":{"line":12,"column":7}},"4":{"start":{"line":14,"column":0},"end":{"line":14,"column":23}}},"branchMap":{}},"/Users/mac/ProjetSIL/spec/routesTest/marques/modeles/versionsTests.spec.js":{"path":"/Users/mac/ProjetSIL/spec/routesTest/marques/modeles/versionsTests.spec.js","s":{"1":1,"2":1,"3":1,"4":1,"5":1,"6":1,"7":1,"8":1,"9":1,"10":1,"11":1,"12":1,"13":1,"14":1,"15":1},"b":{},"f":{"1":1},"fnMap":{"1":{"name":"(anonymous_1)","line":25,"loc":{"start":{"line":25,"column":47},"end":{"line":25,"column":58}}}},"statementMap":{"1":{"start":{"line":1,"column":0},"end":{"line":1,"column":24}},"2":{"start":{"line":2,"column":0},"end":{"line":2,"column":60}},"3":{"start":{"line":3,"column":0},"end":{"line":3,"column":35}},"4":{"start":{"line":4,"column":0},"end":{"line":4,"column":55}},"5":{"start":{"line":5,"column":0},"end":{"line":5,"column":55}},"6":{"start":{"line":6,"column":0},"end":{"line":6,"column":57}},"7":{"start":{"line":7,"column":0},"end":{"line":7,"column":55}},"8":{"start":{"line":8,"column":0},"end":{"line":8,"column":57}},"9":{"start":{"line":9,"column":0},"end":{"line":9,"column":65}},"10":{"start":{"line":10,"column":0},"end":{"line":10,"column":67}},"11":{"start":{"line":11,"column":0},"end":{"line":11,"column":57}},"12":{"start":{"line":12,"column":0},"end":{"line":12,"column":63}},"13":{"start":{"line":14,"column":0},"end":{"line":18,"column":2}},"14":{"start":{"line":20,"column":0},"end":{"line":24,"column":2}},"15":{"start":{"line":25,"column":0},"end":{"line":872,"column":3}}},"branchMap":{}},"/Users/mac/ProjetSIL/api/model/modele.js":{"path":"/Users/mac/ProjetSIL/api/model/modele.js","s":{"1":1,"2":1,"3":1,"4":1},"b":{},"f":{},"fnMap":{},"statementMap":{"1":{"start":{"line":1,"column":0},"end":{"line":1,"column":39}},"2":{"start":{"line":2,"column":0},"end":{"line":2,"column":52}},"3":{"start":{"line":4,"column":0},"end":{"line":8,"column":3}},"4":{"start":{"line":9,"column":0},"end":{"line":9,"column":24}}},"branchMap":{}},"/Users/mac/ProjetSIL/api/model/version.js":{"path":"/Users/mac/ProjetSIL/api/model/version.js","s":{"1":1,"2":1,"3":1,"4":1},"b":{},"f":{},"fnMap":{},"statementMap":{"1":{"start":{"line":1,"column":0},"end":{"line":1,"column":39}},"2":{"start":{"line":2,"column":0},"end":{"line":2,"column":52}},"3":{"start":{"line":4,"column":0},"end":{"line":8,"column":3}},"4":{"start":{"line":9,"column":0},"end":{"line":9,"column":25}}},"branchMap":{}},"/Users/mac/ProjetSIL/api/model/option.js":{"path":"/Users/mac/ProjetSIL/api/model/option.js","s":{"1":1,"2":1,"3":1,"4":1},"b":{},"f":{},"fnMap":{},"statementMap":{"1":{"start":{"line":1,"column":0},"end":{"line":1,"column":39}},"2":{"start":{"line":2,"column":0},"end":{"line":2,"column":52}},"3":{"start":{"line":4,"column":0},"end":{"line":7,"column":3}},"4":{"start":{"line":8,"column":0},"end":{"line":8,"column":24}}},"branchMap":{}},"/Users/mac/ProjetSIL/api/model/couleur.js":{"path":"/Users/mac/ProjetSIL/api/model/couleur.js","s":{"1":1,"2":1,"3":1,"4":1},"b":{},"f":{},"fnMap":{},"statementMap":{"1":{"start":{"line":1,"column":0},"end":{"line":1,"column":39}},"2":{"start":{"line":2,"column":0},"end":{"line":2,"column":52}},"3":{"start":{"line":4,"column":0},"end":{"line":8,"column":3}},"4":{"start":{"line":10,"column":0},"end":{"line":10,"column":25}}},"branchMap":{}},"/Users/mac/ProjetSIL/api/model/rel_ver_opt.js":{"path":"/Users/mac/ProjetSIL/api/model/rel_ver_opt.js","s":{"1":1,"2":1,"3":1,"4":1},"b":{},"f":{},"fnMap":{},"statementMap":{"1":{"start":{"line":1,"column":0},"end":{"line":1,"column":39}},"2":{"start":{"line":2,"column":0},"end":{"line":2,"column":52}},"3":{"start":{"line":4,"column":0},"end":{"line":8,"column":3}},"4":{"start":{"line":9,"column":0},"end":{"line":9,"column":29}}},"branchMap":{}},"/Users/mac/ProjetSIL/api/model/rel_ver_coul.js":{"path":"/Users/mac/ProjetSIL/api/model/rel_ver_coul.js","s":{"1":1,"2":1,"3":1,"4":1},"b":{},"f":{},"fnMap":{},"statementMap":{"1":{"start":{"line":1,"column":0},"end":{"line":1,"column":39}},"2":{"start":{"line":2,"column":0},"end":{"line":2,"column":52}},"3":{"start":{"line":4,"column":0},"end":{"line":9,"column":3}},"4":{"start":{"line":10,"column":0},"end":{"line":10,"column":30}}},"branchMap":{}},"/Users/mac/ProjetSIL/api/model/lignetarif.js":{"path":"/Users/mac/ProjetSIL/api/model/lignetarif.js","s":{"1":1,"2":1,"3":1,"4":1},"b":{},"f":{},"fnMap":{},"statementMap":{"1":{"start":{"line":1,"column":0},"end":{"line":1,"column":39}},"2":{"start":{"line":2,"column":0},"end":{"line":2,"column":52}},"3":{"start":{"line":4,"column":0},"end":{"line":11,"column":3}},"4":{"start":{"line":13,"column":0},"end":{"line":13,"column":28}}},"branchMap":{}},"/Users/mac/ProjetSIL/spec/routesTest/marques/modelesTests.spec.js":{"path":"/Users/mac/ProjetSIL/spec/routesTest/marques/modelesTests.spec.js","s":{"1":1,"2":1,"3":1,"4":1,"5":1,"6":1,"7":1,"8":1,"9":1,"10":1,"11":1,"12":1,"13":1,"14":1,"15":1,"16":1,"17":1,"18":1,"19":1,"20":1,"21":1,"22":1,"23":1,"24":1,"25":1,"26":1,"27":1,"28":1,"29":1,"30":1,"31":1,"32":1,"33":1,"34":1,"35":1,"36":1,"37":1,"38":1,"39":1,"40":1,"41":1,"42":1,"43":1,"44":1,"45":1,"46":1,"47":1,"48":1,"49":1,"50":1,"51":1,"52":1,"53":1,"54":1,"55":1,"56":1,"57":1,"58":1,"59":1,"60":1,"61":1,"62":1,"63":1,"64":1,"65":1,"66":1,"67":1,"68":1,"69":1,"70":1,"71":1,"72":1,"73":1,"74":1,"75":1,"76":1,"77":1,"78":1,"79":0,"80":1,"81":1,"82":1,"83":1,"84":1,"85":1,"86":1,"87":1,"88":1,"89":1,"90":1,"91":1,"92":1,"93":1,"94":1,"95":1,"96":1,"97":1,"98":1,"99":1,"100":1,"101":1,"102":1,"103":1,"104":1,"105":1,"106":1},"b":{},"f":{"1":1,"2":1,"3":1,"4":1,"5":1,"6":1,"7":1,"8":1,"9":1,"10":1,"11":1,"12":1,"13":1,"14":1,"15":1,"16":1,"17":1,"18":1,"19":1,"20":1,"21":1,"22":1,"23":1,"24":1,"25":1,"26":1,"27":1,"28":1,"29":1,"30":1,"31":1,"32":1,"33":1},"fnMap":{"1":{"name":"(anonymous_1)","line":16,"loc":{"start":{"line":16,"column":38},"end":{"line":16,"column":49}}},"2":{"name":"(anonymous_2)","line":20,"loc":{"start":{"line":20,"column":41},"end":{"line":20,"column":53}}},"3":{"name":"(anonymous_3)","line":23,"loc":{"start":{"line":23,"column":18},"end":{"line":23,"column":29}}},"4":{"name":"(anonymous_4)","line":36,"loc":{"start":{"line":36,"column":17},"end":{"line":36,"column":28}}},"5":{"name":"(anonymous_5)","line":44,"loc":{"start":{"line":44,"column":45},"end":{"line":44,"column":61}}},"6":{"name":"(anonymous_6)","line":51,"loc":{"start":{"line":51,"column":33},"end":{"line":51,"column":66}}},"7":{"name":"(anonymous_7)","line":61,"loc":{"start":{"line":61,"column":41},"end":{"line":61,"column":53}}},"8":{"name":"(anonymous_8)","line":65,"loc":{"start":{"line":65,"column":18},"end":{"line":65,"column":33}}},"9":{"name":"(anonymous_9)","line":90,"loc":{"start":{"line":90,"column":41},"end":{"line":90,"column":74}}},"10":{"name":"(anonymous_10)","line":99,"loc":{"start":{"line":99,"column":17},"end":{"line":99,"column":28}}},"11":{"name":"(anonymous_11)","line":107,"loc":{"start":{"line":107,"column":45},"end":{"line":107,"column":61}}},"12":{"name":"(anonymous_12)","line":120,"loc":{"start":{"line":120,"column":33},"end":{"line":120,"column":66}}},"13":{"name":"(anonymous_13)","line":127,"loc":{"start":{"line":127,"column":50},"end":{"line":127,"column":66}}},"14":{"name":"(anonymous_14)","line":140,"loc":{"start":{"line":140,"column":33},"end":{"line":140,"column":66}}},"15":{"name":"(anonymous_15)","line":150,"loc":{"start":{"line":150,"column":44},"end":{"line":150,"column":56}}},"16":{"name":"(anonymous_16)","line":154,"loc":{"start":{"line":154,"column":18},"end":{"line":154,"column":33}}},"17":{"name":"(anonymous_17)","line":179,"loc":{"start":{"line":179,"column":41},"end":{"line":179,"column":74}}},"18":{"name":"(anonymous_18)","line":188,"loc":{"start":{"line":188,"column":17},"end":{"line":188,"column":28}}},"19":{"name":"(anonymous_19)","line":196,"loc":{"start":{"line":196,"column":45},"end":{"line":196,"column":61}}},"20":{"name":"(anonymous_20)","line":206,"loc":{"start":{"line":206,"column":33},"end":{"line":206,"column":66}}},"21":{"name":"(anonymous_21)","line":217,"loc":{"start":{"line":217,"column":50},"end":{"line":217,"column":62}}},"22":{"name":"(anonymous_22)","line":220,"loc":{"start":{"line":220,"column":18},"end":{"line":220,"column":29}}},"23":{"name":"(anonymous_23)","line":233,"loc":{"start":{"line":233,"column":17},"end":{"line":233,"column":28}}},"24":{"name":"(anonymous_24)","line":241,"loc":{"start":{"line":241,"column":63},"end":{"line":241,"column":79}}},"25":{"name":"(anonymous_25)","line":247,"loc":{"start":{"line":247,"column":29},"end":{"line":247,"column":62}}},"26":{"name":"(anonymous_26)","line":259,"loc":{"start":{"line":259,"column":51},"end":{"line":259,"column":63}}},"27":{"name":"(anonymous_27)","line":263,"loc":{"start":{"line":263,"column":18},"end":{"line":263,"column":33}}},"28":{"name":"(anonymous_28)","line":295,"loc":{"start":{"line":295,"column":37},"end":{"line":295,"column":70}}},"29":{"name":"(anonymous_29)","line":304,"loc":{"start":{"line":304,"column":17},"end":{"line":304,"column":28}}},"30":{"name":"(anonymous_30)","line":312,"loc":{"start":{"line":312,"column":57},"end":{"line":312,"column":73}}},"31":{"name":"(anonymous_31)","line":326,"loc":{"start":{"line":326,"column":33},"end":{"line":326,"column":66}}},"32":{"name":"(anonymous_32)","line":333,"loc":{"start":{"line":333,"column":70},"end":{"line":333,"column":86}}},"33":{"name":"(anonymous_33)","line":346,"loc":{"start":{"line":346,"column":33},"end":{"line":346,"column":66}}}},"statementMap":{"1":{"start":{"line":1,"column":0},"end":{"line":1,"column":24}},"2":{"start":{"line":2,"column":0},"end":{"line":2,"column":57}},"3":{"start":{"line":3,"column":0},"end":{"line":3,"column":35}},"4":{"start":{"line":4,"column":0},"end":{"line":4,"column":52}},"5":{"start":{"line":5,"column":0},"end":{"line":5,"column":52}},"6":{"start":{"line":6,"column":0},"end":{"line":6,"column":54}},"7":{"start":{"line":7,"column":0},"end":{"line":7,"column":54}},"8":{"start":{"line":9,"column":0},"end":{"line":13,"column":2}},"9":{"start":{"line":16,"column":0},"end":{"line":356,"column":3}},"10":{"start":{"line":20,"column":4},"end":{"line":57,"column":7}},"11":{"start":{"line":21,"column":8},"end":{"line":21,"column":16}},"12":{"start":{"line":23,"column":8},"end":{"line":34,"column":11}},"13":{"start":{"line":24,"column":12},"end":{"line":33,"column":15}},"14":{"start":{"line":28,"column":16},"end":{"line":32,"column":19}},"15":{"start":{"line":36,"column":8},"end":{"line":42,"column":11}},"16":{"start":{"line":37,"column":12},"end":{"line":41,"column":15}},"17":{"start":{"line":44,"column":8},"end":{"line":56,"column":11}},"18":{"start":{"line":45,"column":12},"end":{"line":55,"column":15}},"19":{"start":{"line":46,"column":16},"end":{"line":50,"column":18}},"20":{"start":{"line":51,"column":16},"end":{"line":54,"column":19}},"21":{"start":{"line":52,"column":20},"end":{"line":52,"column":57}},"22":{"start":{"line":53,"column":20},"end":{"line":53,"column":27}},"23":{"start":{"line":61,"column":4},"end":{"line":146,"column":7}},"24":{"start":{"line":62,"column":8},"end":{"line":62,"column":16}},"25":{"start":{"line":63,"column":8},"end":{"line":63,"column":18}},"26":{"start":{"line":65,"column":8},"end":{"line":97,"column":11}},"27":{"start":{"line":66,"column":12},"end":{"line":96,"column":15}},"28":{"start":{"line":70,"column":16},"end":{"line":95,"column":19}},"29":{"start":{"line":75,"column":20},"end":{"line":94,"column":23}},"30":{"start":{"line":81,"column":24},"end":{"line":89,"column":26}},"31":{"start":{"line":90,"column":24},"end":{"line":93,"column":27}},"32":{"start":{"line":91,"column":28},"end":{"line":91,"column":47}},"33":{"start":{"line":92,"column":28},"end":{"line":92,"column":35}},"34":{"start":{"line":99,"column":8},"end":{"line":105,"column":11}},"35":{"start":{"line":100,"column":12},"end":{"line":104,"column":15}},"36":{"start":{"line":107,"column":8},"end":{"line":125,"column":11}},"37":{"start":{"line":108,"column":12},"end":{"line":124,"column":15}},"38":{"start":{"line":109,"column":16},"end":{"line":119,"column":18}},"39":{"start":{"line":120,"column":16},"end":{"line":123,"column":19}},"40":{"start":{"line":121,"column":20},"end":{"line":121,"column":72}},"41":{"start":{"line":122,"column":20},"end":{"line":122,"column":27}},"42":{"start":{"line":127,"column":8},"end":{"line":145,"column":11}},"43":{"start":{"line":128,"column":12},"end":{"line":144,"column":15}},"44":{"start":{"line":129,"column":16},"end":{"line":139,"column":18}},"45":{"start":{"line":140,"column":16},"end":{"line":143,"column":19}},"46":{"start":{"line":141,"column":20},"end":{"line":141,"column":58}},"47":{"start":{"line":142,"column":20},"end":{"line":142,"column":27}},"48":{"start":{"line":150,"column":4},"end":{"line":213,"column":7}},"49":{"start":{"line":151,"column":8},"end":{"line":151,"column":16}},"50":{"start":{"line":152,"column":8},"end":{"line":152,"column":18}},"51":{"start":{"line":154,"column":8},"end":{"line":186,"column":11}},"52":{"start":{"line":155,"column":12},"end":{"line":185,"column":15}},"53":{"start":{"line":159,"column":16},"end":{"line":184,"column":19}},"54":{"start":{"line":164,"column":20},"end":{"line":183,"column":23}},"55":{"start":{"line":170,"column":24},"end":{"line":178,"column":26}},"56":{"start":{"line":179,"column":24},"end":{"line":182,"column":27}},"57":{"start":{"line":180,"column":28},"end":{"line":180,"column":47}},"58":{"start":{"line":181,"column":28},"end":{"line":181,"column":35}},"59":{"start":{"line":188,"column":8},"end":{"line":194,"column":11}},"60":{"start":{"line":189,"column":12},"end":{"line":193,"column":15}},"61":{"start":{"line":196,"column":8},"end":{"line":211,"column":11}},"62":{"start":{"line":197,"column":12},"end":{"line":210,"column":15}},"63":{"start":{"line":198,"column":16},"end":{"line":205,"column":18}},"64":{"start":{"line":206,"column":16},"end":{"line":209,"column":19}},"65":{"start":{"line":207,"column":20},"end":{"line":207,"column":58}},"66":{"start":{"line":208,"column":20},"end":{"line":208,"column":27}},"67":{"start":{"line":217,"column":4},"end":{"line":255,"column":7}},"68":{"start":{"line":218,"column":8},"end":{"line":218,"column":16}},"69":{"start":{"line":220,"column":8},"end":{"line":231,"column":11}},"70":{"start":{"line":221,"column":12},"end":{"line":230,"column":15}},"71":{"start":{"line":225,"column":16},"end":{"line":229,"column":19}},"72":{"start":{"line":233,"column":8},"end":{"line":239,"column":11}},"73":{"start":{"line":234,"column":12},"end":{"line":238,"column":15}},"74":{"start":{"line":241,"column":8},"end":{"line":254,"column":11}},"75":{"start":{"line":242,"column":12},"end":{"line":246,"column":14}},"76":{"start":{"line":247,"column":12},"end":{"line":253,"column":15}},"77":{"start":{"line":248,"column":16},"end":{"line":248,"column":70}},"78":{"start":{"line":249,"column":16},"end":{"line":251,"column":19}},"79":{"start":{"line":250,"column":20},"end":{"line":250,"column":135}},"80":{"start":{"line":252,"column":16},"end":{"line":252,"column":23}},"81":{"start":{"line":259,"column":4},"end":{"line":352,"column":7}},"82":{"start":{"line":260,"column":8},"end":{"line":260,"column":16}},"83":{"start":{"line":261,"column":8},"end":{"line":261,"column":18}},"84":{"start":{"line":263,"column":8},"end":{"line":302,"column":11}},"85":{"start":{"line":264,"column":12},"end":{"line":300,"column":15}},"86":{"start":{"line":268,"column":16},"end":{"line":278,"column":19}},"87":{"start":{"line":273,"column":20},"end":{"line":277,"column":23}},"88":{"start":{"line":280,"column":16},"end":{"line":299,"column":19}},"89":{"start":{"line":286,"column":20},"end":{"line":294,"column":22}},"90":{"start":{"line":295,"column":20},"end":{"line":298,"column":23}},"91":{"start":{"line":296,"column":24},"end":{"line":296,"column":43}},"92":{"start":{"line":297,"column":24},"end":{"line":297,"column":31}},"93":{"start":{"line":304,"column":8},"end":{"line":310,"column":11}},"94":{"start":{"line":305,"column":12},"end":{"line":309,"column":15}},"95":{"start":{"line":312,"column":8},"end":{"line":331,"column":11}},"96":{"start":{"line":313,"column":12},"end":{"line":330,"column":15}},"97":{"start":{"line":314,"column":16},"end":{"line":325,"column":18}},"98":{"start":{"line":326,"column":16},"end":{"line":329,"column":19}},"99":{"start":{"line":327,"column":20},"end":{"line":327,"column":67}},"100":{"start":{"line":328,"column":20},"end":{"line":328,"column":27}},"101":{"start":{"line":333,"column":8},"end":{"line":351,"column":11}},"102":{"start":{"line":334,"column":12},"end":{"line":350,"column":15}},"103":{"start":{"line":335,"column":16},"end":{"line":345,"column":18}},"104":{"start":{"line":346,"column":16},"end":{"line":349,"column":19}},"105":{"start":{"line":347,"column":20},"end":{"line":347,"column":58}},"106":{"start":{"line":348,"column":20},"end":{"line":348,"column":27}}},"branchMap":{}},"/Users/mac/ProjetSIL/spec/routesTest/marquesTests.spec.js":{"path":"/Users/mac/ProjetSIL/spec/routesTest/marquesTests.spec.js","s":{"1":1,"2":1,"3":1,"4":1,"5":1,"6":1,"7":1,"8":1,"9":1,"10":1,"11":1,"12":1,"13":1,"14":1,"15":1,"16":1,"17":7,"18":1,"19":1,"20":1,"21":1,"22":1,"23":1,"24":1,"25":1,"26":1,"27":1,"28":1,"29":1,"30":1,"31":1,"32":1,"33":1,"34":1,"35":1,"36":1,"37":1,"38":1,"39":1,"40":1,"41":1,"42":1,"43":1,"44":1,"45":1,"46":1,"47":1,"48":1,"49":1,"50":1,"51":1,"52":1,"53":1,"54":1,"55":1,"56":1,"57":1,"58":1,"59":1,"60":1,"61":1,"62":1,"63":1,"64":1,"65":1,"66":1,"67":1,"68":1,"69":1,"70":1,"71":1,"72":1,"73":1,"74":1,"75":1,"76":1,"77":1,"78":1,"79":1,"80":1,"81":1,"82":1,"83":1,"84":1,"85":1,"86":1,"87":1,"88":1,"89":1,"90":1,"91":1,"92":1,"93":1,"94":1,"95":1,"96":1,"97":1,"98":1,"99":1,"100":1,"101":1,"102":1,"103":1,"104":1,"105":1,"106":1,"107":0,"108":1,"109":1,"110":1,"111":1,"112":1,"113":1,"114":1,"115":1,"116":1,"117":1,"118":1,"119":1,"120":1,"121":1,"122":1,"123":1,"124":1,"125":1,"126":1,"127":1,"128":1,"129":1,"130":1,"131":1,"132":1,"133":1,"134":1,"135":1,"136":1,"137":1,"138":1,"139":1,"140":1,"141":1,"142":1,"143":1,"144":0,"145":1,"146":1,"147":1,"148":1,"149":1,"150":1,"151":1,"152":1,"153":1,"154":1,"155":1,"156":1,"157":1,"158":1,"159":1,"160":1,"161":1,"162":1,"163":1,"164":1},"b":{},"f":{"1":1,"2":1,"3":1,"4":1,"5":1,"6":1,"7":1,"8":1,"9":1,"10":1,"11":1,"12":1,"13":1,"14":1,"15":1,"16":1,"17":1,"18":1,"19":1,"20":1,"21":1,"22":1,"23":1,"24":1,"25":1,"26":1,"27":1,"28":1,"29":1,"30":1,"31":1,"32":1,"33":1,"34":1,"35":1,"36":1,"37":1,"38":1,"39":1,"40":1,"41":1,"42":1,"43":1,"44":1,"45":1,"46":1,"47":1,"48":1,"49":1,"50":1,"51":1,"52":1,"53":1,"54":1,"55":1},"fnMap":{"1":{"name":"(anonymous_1)","line":29,"loc":{"start":{"line":29,"column":30},"end":{"line":29,"column":41}}},"2":{"name":"(anonymous_2)","line":33,"loc":{"start":{"line":33,"column":30},"end":{"line":33,"column":42}}},"3":{"name":"(anonymous_3)","line":35,"loc":{"start":{"line":35,"column":46},"end":{"line":35,"column":62}}},"4":{"name":"(anonymous_4)","line":41,"loc":{"start":{"line":41,"column":29},"end":{"line":41,"column":62}}},"5":{"name":"(anonymous_5)","line":53,"loc":{"start":{"line":53,"column":31},"end":{"line":53,"column":43}}},"6":{"name":"(anonymous_6)","line":57,"loc":{"start":{"line":57,"column":18},"end":{"line":57,"column":33}}},"7":{"name":"(anonymous_7)","line":77,"loc":{"start":{"line":77,"column":37},"end":{"line":77,"column":70}}},"8":{"name":"(anonymous_8)","line":85,"loc":{"start":{"line":85,"column":17},"end":{"line":85,"column":28}}},"9":{"name":"(anonymous_9)","line":99,"loc":{"start":{"line":99,"column":57},"end":{"line":99,"column":73}}},"10":{"name":"(anonymous_10)","line":112,"loc":{"start":{"line":112,"column":33},"end":{"line":112,"column":66}}},"11":{"name":"(anonymous_11)","line":119,"loc":{"start":{"line":119,"column":70},"end":{"line":119,"column":86}}},"12":{"name":"(anonymous_12)","line":132,"loc":{"start":{"line":132,"column":33},"end":{"line":132,"column":66}}},"13":{"name":"(anonymous_13)","line":142,"loc":{"start":{"line":142,"column":33},"end":{"line":142,"column":45}}},"14":{"name":"(anonymous_14)","line":145,"loc":{"start":{"line":145,"column":18},"end":{"line":145,"column":29}}},"15":{"name":"(anonymous_15)","line":152,"loc":{"start":{"line":152,"column":17},"end":{"line":152,"column":28}}},"16":{"name":"(anonymous_16)","line":160,"loc":{"start":{"line":160,"column":45},"end":{"line":160,"column":61}}},"17":{"name":"(anonymous_17)","line":167,"loc":{"start":{"line":167,"column":33},"end":{"line":167,"column":66}}},"18":{"name":"(anonymous_18)","line":177,"loc":{"start":{"line":177,"column":33},"end":{"line":177,"column":45}}},"19":{"name":"(anonymous_19)","line":181,"loc":{"start":{"line":181,"column":18},"end":{"line":181,"column":33}}},"20":{"name":"(anonymous_20)","line":201,"loc":{"start":{"line":201,"column":37},"end":{"line":201,"column":70}}},"21":{"name":"(anonymous_21)","line":209,"loc":{"start":{"line":209,"column":17},"end":{"line":209,"column":28}}},"22":{"name":"(anonymous_22)","line":217,"loc":{"start":{"line":217,"column":45},"end":{"line":217,"column":61}}},"23":{"name":"(anonymous_23)","line":230,"loc":{"start":{"line":230,"column":33},"end":{"line":230,"column":66}}},"24":{"name":"(anonymous_24)","line":237,"loc":{"start":{"line":237,"column":50},"end":{"line":237,"column":66}}},"25":{"name":"(anonymous_25)","line":250,"loc":{"start":{"line":250,"column":33},"end":{"line":250,"column":66}}},"26":{"name":"(anonymous_26)","line":260,"loc":{"start":{"line":260,"column":36},"end":{"line":260,"column":48}}},"27":{"name":"(anonymous_27)","line":264,"loc":{"start":{"line":264,"column":18},"end":{"line":264,"column":33}}},"28":{"name":"(anonymous_28)","line":284,"loc":{"start":{"line":284,"column":37},"end":{"line":284,"column":70}}},"29":{"name":"(anonymous_29)","line":293,"loc":{"start":{"line":293,"column":45},"end":{"line":293,"column":61}}},"30":{"name":"(anonymous_30)","line":303,"loc":{"start":{"line":303,"column":33},"end":{"line":303,"column":66}}},"31":{"name":"(anonymous_31)","line":314,"loc":{"start":{"line":314,"column":41},"end":{"line":314,"column":53}}},"32":{"name":"(anonymous_32)","line":317,"loc":{"start":{"line":317,"column":18},"end":{"line":317,"column":29}}},"33":{"name":"(anonymous_33)","line":324,"loc":{"start":{"line":324,"column":17},"end":{"line":324,"column":28}}},"34":{"name":"(anonymous_34)","line":332,"loc":{"start":{"line":332,"column":46},"end":{"line":332,"column":62}}},"35":{"name":"(anonymous_35)","line":338,"loc":{"start":{"line":338,"column":29},"end":{"line":338,"column":62}}},"36":{"name":"(anonymous_36)","line":350,"loc":{"start":{"line":350,"column":42},"end":{"line":350,"column":54}}},"37":{"name":"(anonymous_37)","line":353,"loc":{"start":{"line":353,"column":18},"end":{"line":353,"column":33}}},"38":{"name":"(anonymous_38)","line":379,"loc":{"start":{"line":379,"column":37},"end":{"line":379,"column":70}}},"39":{"name":"(anonymous_39)","line":388,"loc":{"start":{"line":388,"column":17},"end":{"line":388,"column":28}}},"40":{"name":"(anonymous_40)","line":396,"loc":{"start":{"line":396,"column":57},"end":{"line":396,"column":73}}},"41":{"name":"(anonymous_41)","line":410,"loc":{"start":{"line":410,"column":33},"end":{"line":410,"column":66}}},"42":{"name":"(anonymous_42)","line":417,"loc":{"start":{"line":417,"column":70},"end":{"line":417,"column":86}}},"43":{"name":"(anonymous_43)","line":430,"loc":{"start":{"line":430,"column":33},"end":{"line":430,"column":66}}},"44":{"name":"(anonymous_44)","line":440,"loc":{"start":{"line":440,"column":41},"end":{"line":440,"column":53}}},"45":{"name":"(anonymous_45)","line":443,"loc":{"start":{"line":443,"column":18},"end":{"line":443,"column":29}}},"46":{"name":"(anonymous_46)","line":450,"loc":{"start":{"line":450,"column":17},"end":{"line":450,"column":28}}},"47":{"name":"(anonymous_47)","line":458,"loc":{"start":{"line":458,"column":46},"end":{"line":458,"column":62}}},"48":{"name":"(anonymous_48)","line":464,"loc":{"start":{"line":464,"column":29},"end":{"line":464,"column":62}}},"49":{"name":"(anonymous_49)","line":476,"loc":{"start":{"line":476,"column":42},"end":{"line":476,"column":54}}},"50":{"name":"(anonymous_50)","line":479,"loc":{"start":{"line":479,"column":18},"end":{"line":479,"column":29}}},"51":{"name":"(anonymous_51)","line":493,"loc":{"start":{"line":493,"column":17},"end":{"line":493,"column":28}}},"52":{"name":"(anonymous_52)","line":501,"loc":{"start":{"line":501,"column":71},"end":{"line":501,"column":87}}},"53":{"name":"(anonymous_53)","line":512,"loc":{"start":{"line":512,"column":33},"end":{"line":512,"column":66}}},"54":{"name":"(anonymous_54)","line":519,"loc":{"start":{"line":519,"column":84},"end":{"line":519,"column":100}}},"55":{"name":"(anonymous_55)","line":530,"loc":{"start":{"line":530,"column":33},"end":{"line":530,"column":66}}}},"statementMap":{"1":{"start":{"line":1,"column":0},"end":{"line":1,"column":24}},"2":{"start":{"line":2,"column":0},"end":{"line":2,"column":54}},"3":{"start":{"line":3,"column":0},"end":{"line":3,"column":35}},"4":{"start":{"line":4,"column":0},"end":{"line":4,"column":49}},"5":{"start":{"line":5,"column":0},"end":{"line":5,"column":49}},"6":{"start":{"line":6,"column":0},"end":{"line":6,"column":51}},"7":{"start":{"line":8,"column":0},"end":{"line":11,"column":2}},"8":{"start":{"line":13,"column":0},"end":{"line":17,"column":2}},"9":{"start":{"line":19,"column":0},"end":{"line":27,"column":2}},"10":{"start":{"line":29,"column":0},"end":{"line":541,"column":3}},"11":{"start":{"line":33,"column":4},"end":{"line":49,"column":7}},"12":{"start":{"line":35,"column":8},"end":{"line":48,"column":11}},"13":{"start":{"line":36,"column":12},"end":{"line":40,"column":14}},"14":{"start":{"line":41,"column":12},"end":{"line":47,"column":15}},"15":{"start":{"line":42,"column":16},"end":{"line":42,"column":69}},"16":{"start":{"line":43,"column":16},"end":{"line":45,"column":19}},"17":{"start":{"line":44,"column":20},"end":{"line":44,"column":134}},"18":{"start":{"line":46,"column":16},"end":{"line":46,"column":23}},"19":{"start":{"line":53,"column":4},"end":{"line":138,"column":7}},"20":{"start":{"line":54,"column":8},"end":{"line":54,"column":16}},"21":{"start":{"line":55,"column":8},"end":{"line":55,"column":18}},"22":{"start":{"line":57,"column":8},"end":{"line":83,"column":11}},"23":{"start":{"line":58,"column":12},"end":{"line":82,"column":15}},"24":{"start":{"line":62,"column":16},"end":{"line":81,"column":19}},"25":{"start":{"line":68,"column":20},"end":{"line":76,"column":22}},"26":{"start":{"line":77,"column":20},"end":{"line":80,"column":23}},"27":{"start":{"line":78,"column":24},"end":{"line":78,"column":43}},"28":{"start":{"line":79,"column":24},"end":{"line":79,"column":31}},"29":{"start":{"line":85,"column":8},"end":{"line":97,"column":11}},"30":{"start":{"line":86,"column":12},"end":{"line":90,"column":15}},"31":{"start":{"line":91,"column":12},"end":{"line":96,"column":15}},"32":{"start":{"line":99,"column":8},"end":{"line":117,"column":11}},"33":{"start":{"line":100,"column":12},"end":{"line":116,"column":15}},"34":{"start":{"line":101,"column":16},"end":{"line":111,"column":18}},"35":{"start":{"line":112,"column":16},"end":{"line":115,"column":19}},"36":{"start":{"line":113,"column":20},"end":{"line":113,"column":64}},"37":{"start":{"line":114,"column":20},"end":{"line":114,"column":27}},"38":{"start":{"line":119,"column":8},"end":{"line":137,"column":11}},"39":{"start":{"line":120,"column":12},"end":{"line":136,"column":15}},"40":{"start":{"line":121,"column":16},"end":{"line":131,"column":18}},"41":{"start":{"line":132,"column":16},"end":{"line":135,"column":19}},"42":{"start":{"line":133,"column":20},"end":{"line":133,"column":58}},"43":{"start":{"line":134,"column":20},"end":{"line":134,"column":27}},"44":{"start":{"line":142,"column":4},"end":{"line":173,"column":7}},"45":{"start":{"line":143,"column":8},"end":{"line":143,"column":16}},"46":{"start":{"line":145,"column":8},"end":{"line":150,"column":11}},"47":{"start":{"line":146,"column":12},"end":{"line":149,"column":15}},"48":{"start":{"line":152,"column":8},"end":{"line":158,"column":11}},"49":{"start":{"line":153,"column":12},"end":{"line":157,"column":15}},"50":{"start":{"line":160,"column":8},"end":{"line":172,"column":11}},"51":{"start":{"line":161,"column":12},"end":{"line":171,"column":15}},"52":{"start":{"line":162,"column":16},"end":{"line":166,"column":18}},"53":{"start":{"line":167,"column":16},"end":{"line":170,"column":19}},"54":{"start":{"line":168,"column":20},"end":{"line":168,"column":57}},"55":{"start":{"line":169,"column":20},"end":{"line":169,"column":27}},"56":{"start":{"line":177,"column":4},"end":{"line":256,"column":7}},"57":{"start":{"line":178,"column":8},"end":{"line":178,"column":16}},"58":{"start":{"line":179,"column":8},"end":{"line":179,"column":18}},"59":{"start":{"line":181,"column":8},"end":{"line":207,"column":11}},"60":{"start":{"line":182,"column":12},"end":{"line":206,"column":15}},"61":{"start":{"line":186,"column":16},"end":{"line":205,"column":19}},"62":{"start":{"line":192,"column":20},"end":{"line":200,"column":22}},"63":{"start":{"line":201,"column":20},"end":{"line":204,"column":23}},"64":{"start":{"line":202,"column":24},"end":{"line":202,"column":43}},"65":{"start":{"line":203,"column":24},"end":{"line":203,"column":31}},"66":{"start":{"line":209,"column":8},"end":{"line":215,"column":11}},"67":{"start":{"line":210,"column":12},"end":{"line":214,"column":15}},"68":{"start":{"line":217,"column":8},"end":{"line":235,"column":11}},"69":{"start":{"line":218,"column":12},"end":{"line":234,"column":15}},"70":{"start":{"line":219,"column":16},"end":{"line":229,"column":18}},"71":{"start":{"line":230,"column":16},"end":{"line":233,"column":19}},"72":{"start":{"line":231,"column":20},"end":{"line":231,"column":72}},"73":{"start":{"line":232,"column":20},"end":{"line":232,"column":27}},"74":{"start":{"line":237,"column":8},"end":{"line":255,"column":11}},"75":{"start":{"line":238,"column":12},"end":{"line":254,"column":15}},"76":{"start":{"line":239,"column":16},"end":{"line":249,"column":18}},"77":{"start":{"line":250,"column":16},"end":{"line":253,"column":19}},"78":{"start":{"line":251,"column":20},"end":{"line":251,"column":58}},"79":{"start":{"line":252,"column":20},"end":{"line":252,"column":27}},"80":{"start":{"line":260,"column":4},"end":{"line":310,"column":7}},"81":{"start":{"line":261,"column":8},"end":{"line":261,"column":16}},"82":{"start":{"line":262,"column":8},"end":{"line":262,"column":18}},"83":{"start":{"line":264,"column":8},"end":{"line":290,"column":11}},"84":{"start":{"line":265,"column":12},"end":{"line":289,"column":15}},"85":{"start":{"line":269,"column":16},"end":{"line":288,"column":19}},"86":{"start":{"line":275,"column":20},"end":{"line":283,"column":22}},"87":{"start":{"line":284,"column":20},"end":{"line":287,"column":23}},"88":{"start":{"line":285,"column":24},"end":{"line":285,"column":43}},"89":{"start":{"line":286,"column":24},"end":{"line":286,"column":31}},"90":{"start":{"line":293,"column":8},"end":{"line":308,"column":11}},"91":{"start":{"line":294,"column":12},"end":{"line":307,"column":15}},"92":{"start":{"line":295,"column":16},"end":{"line":302,"column":18}},"93":{"start":{"line":303,"column":16},"end":{"line":306,"column":19}},"94":{"start":{"line":304,"column":20},"end":{"line":304,"column":58}},"95":{"start":{"line":305,"column":20},"end":{"line":305,"column":27}},"96":{"start":{"line":314,"column":4},"end":{"line":346,"column":7}},"97":{"start":{"line":315,"column":8},"end":{"line":315,"column":16}},"98":{"start":{"line":317,"column":8},"end":{"line":322,"column":11}},"99":{"start":{"line":318,"column":12},"end":{"line":321,"column":15}},"100":{"start":{"line":324,"column":8},"end":{"line":330,"column":11}},"101":{"start":{"line":325,"column":12},"end":{"line":329,"column":15}},"102":{"start":{"line":332,"column":8},"end":{"line":345,"column":11}},"103":{"start":{"line":333,"column":12},"end":{"line":337,"column":14}},"104":{"start":{"line":338,"column":12},"end":{"line":344,"column":15}},"105":{"start":{"line":339,"column":16},"end":{"line":339,"column":69}},"106":{"start":{"line":340,"column":16},"end":{"line":342,"column":19}},"107":{"start":{"line":341,"column":20},"end":{"line":341,"column":134}},"108":{"start":{"line":343,"column":16},"end":{"line":343,"column":23}},"109":{"start":{"line":350,"column":4},"end":{"line":436,"column":7}},"110":{"start":{"line":351,"column":8},"end":{"line":351,"column":16}},"111":{"start":{"line":353,"column":8},"end":{"line":386,"column":11}},"112":{"start":{"line":354,"column":12},"end":{"line":384,"column":15}},"113":{"start":{"line":358,"column":16},"end":{"line":362,"column":19}},"114":{"start":{"line":364,"column":16},"end":{"line":383,"column":19}},"115":{"start":{"line":370,"column":20},"end":{"line":378,"column":22}},"116":{"start":{"line":379,"column":20},"end":{"line":382,"column":23}},"117":{"start":{"line":380,"column":24},"end":{"line":380,"column":43}},"118":{"start":{"line":381,"column":24},"end":{"line":381,"column":31}},"119":{"start":{"line":388,"column":8},"end":{"line":394,"column":11}},"120":{"start":{"line":389,"column":12},"end":{"line":393,"column":15}},"121":{"start":{"line":396,"column":8},"end":{"line":415,"column":11}},"122":{"start":{"line":397,"column":12},"end":{"line":414,"column":15}},"123":{"start":{"line":398,"column":16},"end":{"line":409,"column":18}},"124":{"start":{"line":410,"column":16},"end":{"line":413,"column":19}},"125":{"start":{"line":411,"column":20},"end":{"line":411,"column":67}},"126":{"start":{"line":412,"column":20},"end":{"line":412,"column":27}},"127":{"start":{"line":417,"column":8},"end":{"line":435,"column":11}},"128":{"start":{"line":418,"column":12},"end":{"line":434,"column":15}},"129":{"start":{"line":419,"column":16},"end":{"line":429,"column":18}},"130":{"start":{"line":430,"column":16},"end":{"line":433,"column":19}},"131":{"start":{"line":431,"column":20},"end":{"line":431,"column":58}},"132":{"start":{"line":432,"column":20},"end":{"line":432,"column":27}},"133":{"start":{"line":440,"column":4},"end":{"line":472,"column":7}},"134":{"start":{"line":441,"column":8},"end":{"line":441,"column":16}},"135":{"start":{"line":443,"column":8},"end":{"line":448,"column":11}},"136":{"start":{"line":444,"column":12},"end":{"line":447,"column":15}},"137":{"start":{"line":450,"column":8},"end":{"line":456,"column":11}},"138":{"start":{"line":451,"column":12},"end":{"line":455,"column":15}},"139":{"start":{"line":458,"column":8},"end":{"line":471,"column":11}},"140":{"start":{"line":459,"column":12},"end":{"line":463,"column":14}},"141":{"start":{"line":464,"column":12},"end":{"line":470,"column":15}},"142":{"start":{"line":465,"column":16},"end":{"line":465,"column":70}},"143":{"start":{"line":466,"column":16},"end":{"line":468,"column":19}},"144":{"start":{"line":467,"column":20},"end":{"line":467,"column":135}},"145":{"start":{"line":469,"column":16},"end":{"line":469,"column":23}},"146":{"start":{"line":476,"column":4},"end":{"line":536,"column":7}},"147":{"start":{"line":477,"column":8},"end":{"line":477,"column":16}},"148":{"start":{"line":479,"column":8},"end":{"line":491,"column":11}},"149":{"start":{"line":480,"column":12},"end":{"line":489,"column":15}},"150":{"start":{"line":484,"column":16},"end":{"line":488,"column":19}},"151":{"start":{"line":493,"column":8},"end":{"line":499,"column":11}},"152":{"start":{"line":494,"column":12},"end":{"line":498,"column":15}},"153":{"start":{"line":501,"column":8},"end":{"line":517,"column":11}},"154":{"start":{"line":502,"column":12},"end":{"line":516,"column":15}},"155":{"start":{"line":503,"column":16},"end":{"line":511,"column":18}},"156":{"start":{"line":512,"column":16},"end":{"line":515,"column":19}},"157":{"start":{"line":513,"column":20},"end":{"line":513,"column":66}},"158":{"start":{"line":514,"column":20},"end":{"line":514,"column":27}},"159":{"start":{"line":519,"column":8},"end":{"line":535,"column":11}},"160":{"start":{"line":520,"column":12},"end":{"line":534,"column":15}},"161":{"start":{"line":521,"column":16},"end":{"line":529,"column":18}},"162":{"start":{"line":530,"column":16},"end":{"line":533,"column":19}},"163":{"start":{"line":531,"column":20},"end":{"line":531,"column":58}},"164":{"start":{"line":532,"column":20},"end":{"line":532,"column":27}}},"branchMap":{}},"/Users/mac/ProjetSIL/spec/routesTest/vehiculesTests.spec.js":{"path":"/Users/mac/ProjetSIL/spec/routesTest/vehiculesTests.spec.js","s":{"1":1,"2":1,"3":1,"4":1,"5":1,"6":1,"7":1,"8":1,"9":1,"10":1,"11":1,"12":1,"13":1},"b":{},"f":{"1":1,"2":1,"3":1,"4":1},"fnMap":{"1":{"name":"(anonymous_1)","line":12,"loc":{"start":{"line":12,"column":35},"end":{"line":12,"column":46}}},"2":{"name":"(anonymous_2)","line":16,"loc":{"start":{"line":16,"column":32},"end":{"line":16,"column":44}}},"3":{"name":"(anonymous_3)","line":18,"loc":{"start":{"line":18,"column":54},"end":{"line":18,"column":70}}},"4":{"name":"(anonymous_4)","line":24,"loc":{"start":{"line":24,"column":29},"end":{"line":24,"column":62}}}},"statementMap":{"1":{"start":{"line":1,"column":0},"end":{"line":1,"column":24}},"2":{"start":{"line":2,"column":0},"end":{"line":2,"column":35}},"3":{"start":{"line":3,"column":0},"end":{"line":3,"column":53}},"4":{"start":{"line":5,"column":0},"end":{"line":10,"column":2}},"5":{"start":{"line":12,"column":0},"end":{"line":97,"column":3}},"6":{"start":{"line":16,"column":4},"end":{"line":32,"column":7}},"7":{"start":{"line":18,"column":8},"end":{"line":31,"column":11}},"8":{"start":{"line":19,"column":12},"end":{"line":23,"column":14}},"9":{"start":{"line":24,"column":12},"end":{"line":30,"column":15}},"10":{"start":{"line":25,"column":16},"end":{"line":25,"column":81}},"11":{"start":{"line":26,"column":16},"end":{"line":28,"column":19}},"12":{"start":{"line":27,"column":20},"end":{"line":27,"column":136}},"13":{"start":{"line":29,"column":16},"end":{"line":29,"column":23}}},"branchMap":{}},"/Users/mac/ProjetSIL/api/model/vehicule.js":{"path":"/Users/mac/ProjetSIL/api/model/vehicule.js","s":{"1":1,"2":1,"3":1,"4":1},"b":{},"f":{},"fnMap":{},"statementMap":{"1":{"start":{"line":1,"column":0},"end":{"line":1,"column":39}},"2":{"start":{"line":2,"column":0},"end":{"line":2,"column":52}},"3":{"start":{"line":4,"column":0},"end":{"line":9,"column":3}},"4":{"start":{"line":11,"column":0},"end":{"line":11,"column":26}}},"branchMap":{}}}