TN:
SF:/Users/mac/ProjetSIL/api/config/base_url.js
FNF:0
FNH:0
DA:1,1
DA:2,1
LF:2
LH:2
BRF:0
BRH:0
end_of_record
TN:
SF:/Users/mac/ProjetSIL/api/model/marque.js
FNF:0
FNH:0
DA:1,1
DA:2,1
DA:3,1
DA:8,1
LF:4
LH:4
BRF:0
BRH:0
end_of_record
TN:
SF:/Users/mac/ProjetSIL/api/config/dbconnection.js
FNF:0
FNH:0
DA:1,1
DA:2,1
DA:12,1
DA:14,1
DA:17,0
DA:20,1
LF:6
LH:5
BRF:0
BRH:0
end_of_record
TN:
SF:/Users/mac/ProjetSIL/api/model/modele.js
FNF:0
FNH:0
DA:1,1
DA:2,1
DA:4,1
DA:9,1
LF:4
LH:4
BRF:0
BRH:0
end_of_record
TN:
SF:/Users/mac/ProjetSIL/api/model/version.js
FNF:0
FNH:0
DA:1,1
DA:2,1
DA:4,1
DA:9,1
LF:4
LH:4
BRF:0
BRH:0
end_of_record
TN:
SF:/Users/mac/ProjetSIL/api/model/utilfab.js
FNF:0
FNH:0
DA:1,1
DA:2,1
DA:3,1
DA:14,1
LF:4
LH:4
BRF:0
BRH:0
end_of_record
TN:
SF:/Users/mac/ProjetSIL/api/model/vehicule.js
FNF:0
FNH:0
DA:1,1
DA:2,1
DA:4,1
DA:11,1
LF:4
LH:4
BRF:0
BRH:0
end_of_record
