TN:
SF:/Users/mac/ProjetSIL/tests.js
FNF:0
FNH:0
DA:1,1
DA:2,1
DA:3,1
DA:4,1
DA:6,1
DA:15,1
DA:17,1
DA:24,1
DA:25,1
LF:9
LH:9
BRF:0
BRH:0
end_of_record
TN:
SF:/Users/mac/ProjetSIL/spec/routesTest/auth/utilfabTests.spec.js
FN:7,(anonymous_1)
FN:11,(anonymous_2)
FN:15,(anonymous_3)
FN:31,(anonymous_4)
FN:39,(anonymous_5)
FN:50,(anonymous_6)
FN:57,(anonymous_7)
FN:68,(anonymous_8)
FN:75,(anonymous_9)
FN:86,(anonymous_10)
FNF:10
FNH:10
FNDA:1,(anonymous_1)
FNDA:1,(anonymous_2)
FNDA:1,(anonymous_3)
FNDA:1,(anonymous_4)
FNDA:1,(anonymous_5)
FNDA:1,(anonymous_6)
FNDA:1,(anonymous_7)
FNDA:1,(anonymous_8)
FNDA:1,(anonymous_9)
FNDA:1,(anonymous_10)
DA:1,1
DA:2,1
DA:3,1
DA:4,1
DA:5,1
DA:7,1
DA:11,1
DA:13,1
DA:15,1
DA:16,1
DA:20,1
DA:26,1
DA:31,1
DA:32,1
DA:39,1
DA:40,1
DA:41,1
DA:50,1
DA:51,1
DA:52,1
DA:57,1
DA:58,1
DA:59,1
DA:68,1
DA:69,1
DA:70,1
DA:75,1
DA:76,1
DA:77,1
DA:86,1
DA:87,1
DA:88,1
LF:32
LH:32
BRF:0
BRH:0
end_of_record
TN:
SF:/Users/mac/ProjetSIL/api/config/base_url.js
FNF:0
FNH:0
DA:1,1
DA:2,1
LF:2
LH:2
BRF:0
BRH:0
end_of_record
TN:
SF:/Users/mac/ProjetSIL/api/model/marque.js
FNF:0
FNH:0
DA:1,1
DA:2,1
DA:3,1
DA:8,1
LF:4
LH:4
BRF:0
BRH:0
end_of_record
TN:
SF:/Users/mac/ProjetSIL/api/config/dbconnection.js
FNF:0
FNH:0
DA:1,1
DA:2,1
DA:12,1
DA:14,1
DA:17,0
DA:20,1
LF:6
LH:5
BRF:0
BRH:0
end_of_record
TN:
SF:/Users/mac/ProjetSIL/api/model/utilfab.js
FNF:0
FNH:0
DA:1,1
DA:2,1
DA:3,1
DA:14,1
LF:4
LH:4
BRF:0
BRH:0
end_of_record
TN:
SF:/Users/mac/ProjetSIL/spec/routesTest/marques/modeles/versionsTests.spec.js
FN:25,(anonymous_1)
FNF:1
FNH:1
FNDA:1,(anonymous_1)
DA:1,1
DA:2,1
DA:3,1
DA:4,1
DA:5,1
DA:6,1
DA:7,1
DA:8,1
DA:9,1
DA:10,1
DA:11,1
DA:12,1
DA:14,1
DA:20,1
DA:25,1
LF:15
LH:15
BRF:0
BRH:0
end_of_record
TN:
SF:/Users/mac/ProjetSIL/api/model/modele.js
FNF:0
FNH:0
DA:1,1
DA:2,1
DA:4,1
DA:9,1
LF:4
LH:4
BRF:0
BRH:0
end_of_record
TN:
SF:/Users/mac/ProjetSIL/api/model/version.js
FNF:0
FNH:0
DA:1,1
DA:2,1
DA:4,1
DA:9,1
LF:4
LH:4
BRF:0
BRH:0
end_of_record
TN:
SF:/Users/mac/ProjetSIL/api/model/option.js
FNF:0
FNH:0
DA:1,1
DA:2,1
DA:4,1
DA:8,1
LF:4
LH:4
BRF:0
BRH:0
end_of_record
TN:
SF:/Users/mac/ProjetSIL/api/model/couleur.js
FNF:0
FNH:0
DA:1,1
DA:2,1
DA:4,1
DA:10,1
LF:4
LH:4
BRF:0
BRH:0
end_of_record
TN:
SF:/Users/mac/ProjetSIL/api/model/rel_ver_opt.js
FNF:0
FNH:0
DA:1,1
DA:2,1
DA:4,1
DA:9,1
LF:4
LH:4
BRF:0
BRH:0
end_of_record
TN:
SF:/Users/mac/ProjetSIL/api/model/rel_ver_coul.js
FNF:0
FNH:0
DA:1,1
DA:2,1
DA:4,1
DA:10,1
LF:4
LH:4
BRF:0
BRH:0
end_of_record
TN:
SF:/Users/mac/ProjetSIL/api/model/lignetarif.js
FNF:0
FNH:0
DA:1,1
DA:2,1
DA:4,1
DA:13,1
LF:4
LH:4
BRF:0
BRH:0
end_of_record
TN:
SF:/Users/mac/ProjetSIL/spec/routesTest/marques/modelesTests.spec.js
FN:16,(anonymous_1)
FN:20,(anonymous_2)
FN:23,(anonymous_3)
FN:36,(anonymous_4)
FN:44,(anonymous_5)
FN:51,(anonymous_6)
FN:61,(anonymous_7)
FN:65,(anonymous_8)
FN:90,(anonymous_9)
FN:99,(anonymous_10)
FN:107,(anonymous_11)
FN:120,(anonymous_12)
FN:127,(anonymous_13)
FN:140,(anonymous_14)
FN:150,(anonymous_15)
FN:154,(anonymous_16)
FN:179,(anonymous_17)
FN:188,(anonymous_18)
FN:196,(anonymous_19)
FN:206,(anonymous_20)
FN:217,(anonymous_21)
FN:220,(anonymous_22)
FN:233,(anonymous_23)
FN:241,(anonymous_24)
FN:247,(anonymous_25)
FN:259,(anonymous_26)
FN:263,(anonymous_27)
FN:295,(anonymous_28)
FN:304,(anonymous_29)
FN:312,(anonymous_30)
FN:326,(anonymous_31)
FN:333,(anonymous_32)
FN:346,(anonymous_33)
FNF:33
FNH:33
FNDA:1,(anonymous_1)
FNDA:1,(anonymous_2)
FNDA:1,(anonymous_3)
FNDA:1,(anonymous_4)
FNDA:1,(anonymous_5)
FNDA:1,(anonymous_6)
FNDA:1,(anonymous_7)
FNDA:1,(anonymous_8)
FNDA:1,(anonymous_9)
FNDA:1,(anonymous_10)
FNDA:1,(anonymous_11)
FNDA:1,(anonymous_12)
FNDA:1,(anonymous_13)
FNDA:1,(anonymous_14)
FNDA:1,(anonymous_15)
FNDA:1,(anonymous_16)
FNDA:1,(anonymous_17)
FNDA:1,(anonymous_18)
FNDA:1,(anonymous_19)
FNDA:1,(anonymous_20)
FNDA:1,(anonymous_21)
FNDA:1,(anonymous_22)
FNDA:1,(anonymous_23)
FNDA:1,(anonymous_24)
FNDA:1,(anonymous_25)
FNDA:1,(anonymous_26)
FNDA:1,(anonymous_27)
FNDA:1,(anonymous_28)
FNDA:1,(anonymous_29)
FNDA:1,(anonymous_30)
FNDA:1,(anonymous_31)
FNDA:1,(anonymous_32)
FNDA:1,(anonymous_33)
DA:1,1
DA:2,1
DA:3,1
DA:4,1
DA:5,1
DA:6,1
DA:7,1
DA:9,1
DA:16,1
DA:20,1
DA:21,1
DA:23,1
DA:24,1
DA:28,1
DA:36,1
DA:37,1
DA:44,1
DA:45,1
DA:46,1
DA:51,1
DA:52,1
DA:53,1
DA:61,1
DA:62,1
DA:63,1
DA:65,1
DA:66,1
DA:70,1
DA:75,1
DA:81,1
DA:90,1
DA:91,1
DA:92,1
DA:99,1
DA:100,1
DA:107,1
DA:108,1
DA:109,1
DA:120,1
DA:121,1
DA:122,1
DA:127,1
DA:128,1
DA:129,1
DA:140,1
DA:141,1
DA:142,1
DA:150,1
DA:151,1
DA:152,1
DA:154,1
DA:155,1
DA:159,1
DA:164,1
DA:170,1
DA:179,1
DA:180,1
DA:181,1
DA:188,1
DA:189,1
DA:196,1
DA:197,1
DA:198,1
DA:206,1
DA:207,1
DA:208,1
DA:217,1
DA:218,1
DA:220,1
DA:221,1
DA:225,1
DA:233,1
DA:234,1
DA:241,1
DA:242,1
DA:247,1
DA:248,1
DA:249,1
DA:250,0
DA:252,1
DA:259,1
DA:260,1
DA:261,1
DA:263,1
DA:264,1
DA:268,1
DA:273,1
DA:280,1
DA:286,1
DA:295,1
DA:296,1
DA:297,1
DA:304,1
DA:305,1
DA:312,1
DA:313,1
DA:314,1
DA:326,1
DA:327,1
DA:328,1
DA:333,1
DA:334,1
DA:335,1
DA:346,1
DA:347,1
DA:348,1
LF:106
LH:105
BRF:0
BRH:0
end_of_record
TN:
SF:/Users/mac/ProjetSIL/spec/routesTest/marquesTests.spec.js
FN:29,(anonymous_1)
FN:33,(anonymous_2)
FN:35,(anonymous_3)
FN:41,(anonymous_4)
FN:53,(anonymous_5)
FN:57,(anonymous_6)
FN:77,(anonymous_7)
FN:85,(anonymous_8)
FN:99,(anonymous_9)
FN:112,(anonymous_10)
FN:119,(anonymous_11)
FN:132,(anonymous_12)
FN:142,(anonymous_13)
FN:145,(anonymous_14)
FN:152,(anonymous_15)
FN:160,(anonymous_16)
FN:167,(anonymous_17)
FN:177,(anonymous_18)
FN:181,(anonymous_19)
FN:201,(anonymous_20)
FN:209,(anonymous_21)
FN:217,(anonymous_22)
FN:230,(anonymous_23)
FN:237,(anonymous_24)
FN:250,(anonymous_25)
FN:260,(anonymous_26)
FN:264,(anonymous_27)
FN:284,(anonymous_28)
FN:293,(anonymous_29)
FN:303,(anonymous_30)
FN:314,(anonymous_31)
FN:317,(anonymous_32)
FN:324,(anonymous_33)
FN:332,(anonymous_34)
FN:338,(anonymous_35)
FN:350,(anonymous_36)
FN:353,(anonymous_37)
FN:379,(anonymous_38)
FN:388,(anonymous_39)
FN:396,(anonymous_40)
FN:410,(anonymous_41)
FN:417,(anonymous_42)
FN:430,(anonymous_43)
FN:440,(anonymous_44)
FN:443,(anonymous_45)
FN:450,(anonymous_46)
FN:458,(anonymous_47)
FN:464,(anonymous_48)
FN:476,(anonymous_49)
FN:479,(anonymous_50)
FN:493,(anonymous_51)
FN:501,(anonymous_52)
FN:512,(anonymous_53)
FN:519,(anonymous_54)
FN:530,(anonymous_55)
FNF:55
FNH:55
FNDA:1,(anonymous_1)
FNDA:1,(anonymous_2)
FNDA:1,(anonymous_3)
FNDA:1,(anonymous_4)
FNDA:1,(anonymous_5)
FNDA:1,(anonymous_6)
FNDA:1,(anonymous_7)
FNDA:1,(anonymous_8)
FNDA:1,(anonymous_9)
FNDA:1,(anonymous_10)
FNDA:1,(anonymous_11)
FNDA:1,(anonymous_12)
FNDA:1,(anonymous_13)
FNDA:1,(anonymous_14)
FNDA:1,(anonymous_15)
FNDA:1,(anonymous_16)
FNDA:1,(anonymous_17)
FNDA:1,(anonymous_18)
FNDA:1,(anonymous_19)
FNDA:1,(anonymous_20)
FNDA:1,(anonymous_21)
FNDA:1,(anonymous_22)
FNDA:1,(anonymous_23)
FNDA:1,(anonymous_24)
FNDA:1,(anonymous_25)
FNDA:1,(anonymous_26)
FNDA:1,(anonymous_27)
FNDA:1,(anonymous_28)
FNDA:1,(anonymous_29)
FNDA:1,(anonymous_30)
FNDA:1,(anonymous_31)
FNDA:1,(anonymous_32)
FNDA:1,(anonymous_33)
FNDA:1,(anonymous_34)
FNDA:1,(anonymous_35)
FNDA:1,(anonymous_36)
FNDA:1,(anonymous_37)
FNDA:1,(anonymous_38)
FNDA:1,(anonymous_39)
FNDA:1,(anonymous_40)
FNDA:1,(anonymous_41)
FNDA:1,(anonymous_42)
FNDA:1,(anonymous_43)
FNDA:1,(anonymous_44)
FNDA:1,(anonymous_45)
FNDA:1,(anonymous_46)
FNDA:1,(anonymous_47)
FNDA:1,(anonymous_48)
FNDA:1,(anonymous_49)
FNDA:1,(anonymous_50)
FNDA:1,(anonymous_51)
FNDA:1,(anonymous_52)
FNDA:1,(anonymous_53)
FNDA:1,(anonymous_54)
FNDA:1,(anonymous_55)
DA:1,1
DA:2,1
DA:3,1
DA:4,1
DA:5,1
DA:6,1
DA:8,1
DA:13,1
DA:19,1
DA:29,1
DA:33,1
DA:35,1
DA:36,1
DA:41,1
DA:42,1
DA:43,1
DA:44,7
DA:46,1
DA:53,1
DA:54,1
DA:55,1
DA:57,1
DA:58,1
DA:62,1
DA:68,1
DA:77,1
DA:78,1
DA:79,1
DA:85,1
DA:86,1
DA:91,1
DA:99,1
DA:100,1
DA:101,1
DA:112,1
DA:113,1
DA:114,1
DA:119,1
DA:120,1
DA:121,1
DA:132,1
DA:133,1
DA:134,1
DA:142,1
DA:143,1
DA:145,1
DA:146,1
DA:152,1
DA:153,1
DA:160,1
DA:161,1
DA:162,1
DA:167,1
DA:168,1
DA:169,1
DA:177,1
DA:178,1
DA:179,1
DA:181,1
DA:182,1
DA:186,1
DA:192,1
DA:201,1
DA:202,1
DA:203,1
DA:209,1
DA:210,1
DA:217,1
DA:218,1
DA:219,1
DA:230,1
DA:231,1
DA:232,1
DA:237,1
DA:238,1
DA:239,1
DA:250,1
DA:251,1
DA:252,1
DA:260,1
DA:261,1
DA:262,1
DA:264,1
DA:265,1
DA:269,1
DA:275,1
DA:284,1
DA:285,1
DA:286,1
DA:293,1
DA:294,1
DA:295,1
DA:303,1
DA:304,1
DA:305,1
DA:314,1
DA:315,1
DA:317,1
DA:318,1
DA:324,1
DA:325,1
DA:332,1
DA:333,1
DA:338,1
DA:339,1
DA:340,1
DA:341,0
DA:343,1
DA:350,1
DA:351,1
DA:353,1
DA:354,1
DA:358,1
DA:364,1
DA:370,1
DA:379,1
DA:380,1
DA:381,1
DA:388,1
DA:389,1
DA:396,1
DA:397,1
DA:398,1
DA:410,1
DA:411,1
DA:412,1
DA:417,1
DA:418,1
DA:419,1
DA:430,1
DA:431,1
DA:432,1
DA:440,1
DA:441,1
DA:443,1
DA:444,1
DA:450,1
DA:451,1
DA:458,1
DA:459,1
DA:464,1
DA:465,1
DA:466,1
DA:467,0
DA:469,1
DA:476,1
DA:477,1
DA:479,1
DA:480,1
DA:484,1
DA:493,1
DA:494,1
DA:501,1
DA:502,1
DA:503,1
DA:512,1
DA:513,1
DA:514,1
DA:519,1
DA:520,1
DA:521,1
DA:530,1
DA:531,1
DA:532,1
LF:164
LH:162
BRF:0
BRH:0
end_of_record
TN:
SF:/Users/mac/ProjetSIL/spec/routesTest/vehiculesTests.spec.js
FN:12,(anonymous_1)
FN:16,(anonymous_2)
FN:18,(anonymous_3)
FN:24,(anonymous_4)
FNF:4
FNH:4
FNDA:1,(anonymous_1)
FNDA:1,(anonymous_2)
FNDA:1,(anonymous_3)
FNDA:1,(anonymous_4)
DA:1,1
DA:2,1
DA:3,1
DA:5,1
DA:12,1
DA:16,1
DA:18,1
DA:19,1
DA:24,1
DA:25,1
DA:26,1
DA:27,1
DA:29,1
LF:13
LH:13
BRF:0
BRH:0
end_of_record
TN:
SF:/Users/mac/ProjetSIL/api/model/vehicule.js
FNF:0
FNH:0
DA:1,1
DA:2,1
DA:4,1
DA:11,1
LF:4
LH:4
BRF:0
BRH:0
end_of_record
